<?xml version="1.0" encoding="UTF-8"?>
<testng-results skipped="0" failed="2" ignored="0" total="20" passed="18">
  <reporter-output>
  </reporter-output>
  <suite name="Default suite" duration-ms="157891" started-at="2017-10-06T21:15:33Z" finished-at="2017-10-06T21:18:11Z">
    <groups>
    </groups>
    <test name="Default test" duration-ms="157891" started-at="2017-10-06T21:15:33Z" finished-at="2017-10-06T21:18:11Z">
      <class name="Test_Frenzy_Dashboard.Editar_Premio">
        <test-method status="PASS" signature="OpenBrowser()[pri:1, instance:Test_Frenzy_Dashboard.Editar_Premio@f6c48ac]" name="OpenBrowser" duration-ms="3706" started-at="2017-10-06T15:15:33Z" description="Abrir el navegador" finished-at="2017-10-06T15:15:37Z">
          <reporter-output>
          </reporter-output>
        </test-method> <!-- OpenBrowser -->
        <test-method status="PASS" signature="Navegacion()[pri:2, instance:Test_Frenzy_Dashboard.Editar_Premio@f6c48ac]" name="Navegacion" duration-ms="10915" started-at="2017-10-06T15:15:37Z" description="Prueba de botones de navegación" finished-at="2017-10-06T15:15:48Z">
          <reporter-output>
          </reporter-output>
        </test-method> <!-- Navegacion -->
        <test-method status="PASS" signature="VerMas()[pri:4, instance:Test_Frenzy_Dashboard.Editar_Premio@f6c48ac]" name="VerMas" duration-ms="12778" started-at="2017-10-06T15:15:48Z" description="Register new user" finished-at="2017-10-06T15:16:01Z">
          <reporter-output>
          </reporter-output>
        </test-method> <!-- VerMas -->
        <test-method status="PASS" signature="Video()[pri:5, instance:Test_Frenzy_Dashboard.Editar_Premio@f6c48ac]" name="Video" duration-ms="1409" started-at="2017-10-06T15:16:01Z" description="Test Video in Home" finished-at="2017-10-06T15:16:02Z">
          <reporter-output>
          </reporter-output>
        </test-method> <!-- Video -->
        <test-method status="PASS" signature="ContactForm()[pri:6, instance:Test_Frenzy_Dashboard.Editar_Premio@f6c48ac]" name="ContactForm" duration-ms="6159" started-at="2017-10-06T15:16:02Z" description="Test Contact Form in Home" finished-at="2017-10-06T15:16:08Z">
          <reporter-output>
          </reporter-output>
        </test-method> <!-- ContactForm -->
        <test-method status="PASS" signature="PaginaSistemaDeBits()[pri:7, instance:Test_Frenzy_Dashboard.Editar_Premio@f6c48ac]" name="PaginaSistemaDeBits" duration-ms="2841" started-at="2017-10-06T15:16:08Z" description="Test Byts System Page" finished-at="2017-10-06T15:16:11Z">
          <reporter-output>
          </reporter-output>
        </test-method> <!-- PaginaSistemaDeBits -->
        <test-method status="PASS" signature="VideoInBitsSystem()[pri:8, instance:Test_Frenzy_Dashboard.Editar_Premio@f6c48ac]" name="VideoInBitsSystem" duration-ms="2333" started-at="2017-10-06T15:16:11Z" finished-at="2017-10-06T15:16:13Z">
          <reporter-output>
          </reporter-output>
        </test-method> <!-- VideoInBitsSystem -->
        <test-method status="PASS" signature="Caclular()[pri:10, instance:Test_Frenzy_Dashboard.Editar_Premio@f6c48ac]" name="Caclular" duration-ms="1549" started-at="2017-10-06T15:16:13Z" finished-at="2017-10-06T15:16:15Z">
          <reporter-output>
          </reporter-output>
        </test-method> <!-- Caclular -->
        <test-method status="PASS" signature="Cupones_y_Promociones()[pri:11, instance:Test_Frenzy_Dashboard.Editar_Premio@f6c48ac]" name="Cupones_y_Promociones" duration-ms="2583" started-at="2017-10-06T15:16:15Z" finished-at="2017-10-06T15:16:18Z">
          <reporter-output>
          </reporter-output>
        </test-method> <!-- Cupones_y_Promociones -->
        <test-method status="PASS" signature="Test_SignUp()[pri:12, instance:Test_Frenzy_Dashboard.Editar_Premio@f6c48ac]" name="Test_SignUp" duration-ms="2882" started-at="2017-10-06T15:16:18Z" description="Registrar a un usuario ya registrado" finished-at="2017-10-06T15:16:20Z">
          <reporter-output>
          </reporter-output>
        </test-method> <!-- Test_SignUp -->
        <test-method status="PASS" signature="Login_Test()[pri:13, instance:Test_Frenzy_Dashboard.Editar_Premio@f6c48ac]" name="Login_Test" duration-ms="1135" started-at="2017-10-06T15:16:20Z" description="Test Login de usuario" finished-at="2017-10-06T15:16:22Z">
          <reporter-output>
          </reporter-output>
        </test-method> <!-- Login_Test -->
        <test-method status="PASS" signature="f()[pri:14, instance:Test_Frenzy_Dashboard.Editar_Premio@f6c48ac]" name="f" duration-ms="1319" started-at="2017-10-06T15:16:22Z" description="Entrar en Empresa selecciondad" finished-at="2017-10-06T15:16:23Z">
          <reporter-output>
          </reporter-output>
        </test-method> <!-- f -->
        <test-method status="PASS" signature="Test_Promocion()[pri:15, instance:Test_Frenzy_Dashboard.Editar_Premio@f6c48ac]" name="Test_Promocion" duration-ms="6527" started-at="2017-10-06T15:16:23Z" description="Test de Nueva Promoción" finished-at="2017-10-06T15:16:29Z">
          <reporter-output>
          </reporter-output>
        </test-method> <!-- Test_Promocion -->
        <test-method status="PASS" signature="NuevaPromocion_Test()[pri:16, instance:Test_Frenzy_Dashboard.Editar_Premio@f6c48ac]" name="NuevaPromocion_Test" duration-ms="5139" started-at="2017-10-06T15:16:29Z" description="Test de nueva promocion" finished-at="2017-10-06T15:16:35Z">
          <reporter-output>
          </reporter-output>
        </test-method> <!-- NuevaPromocion_Test -->
        <test-method status="PASS" signature="TarjetaLealtad_Test()[pri:17, instance:Test_Frenzy_Dashboard.Editar_Premio@f6c48ac]" name="TarjetaLealtad_Test" duration-ms="1897" started-at="2017-10-06T15:16:35Z" description="Test Crear nueva tarjeta de lealtad" finished-at="2017-10-06T15:16:36Z">
          <reporter-output>
          </reporter-output>
        </test-method> <!-- TarjetaLealtad_Test -->
        <test-method status="PASS" signature="PremiosAlInstante_Test()[pri:18, instance:Test_Frenzy_Dashboard.Editar_Premio@f6c48ac]" name="PremiosAlInstante_Test" duration-ms="1318" started-at="2017-10-06T15:16:36Z" description="Test Crear nuevo premio al instante" finished-at="2017-10-06T15:16:38Z">
          <reporter-output>
          </reporter-output>
        </test-method> <!-- PremiosAlInstante_Test -->
        <test-method status="PASS" signature="ModificarPromoción_Test()[pri:19, instance:Test_Frenzy_Dashboard.Editar_Premio@f6c48ac]" name="ModificarPromoción_Test" duration-ms="10248" started-at="2017-10-06T15:16:38Z" description="Modificar Promoción Creada" finished-at="2017-10-06T15:16:48Z">
          <reporter-output>
          </reporter-output>
        </test-method> <!-- ModificarPromoción_Test -->
        <test-method status="PASS" signature="Cupon_Test()[pri:20, instance:Test_Frenzy_Dashboard.Editar_Premio@f6c48ac]" name="Cupon_Test" duration-ms="11539" started-at="2017-10-06T15:16:48Z" description="Editar Cupon Creado" finished-at="2017-10-06T15:17:00Z">
          <reporter-output>
          </reporter-output>
        </test-method> <!-- Cupon_Test -->
        <test-method status="FAIL" signature="Tarjeta_Test()[pri:21, instance:Test_Frenzy_Dashboard.Editar_Premio@f6c48ac]" name="Tarjeta_Test" duration-ms="36894" started-at="2017-10-06T15:17:00Z" description="Editar Tarjeta Creada" finished-at="2017-10-06T15:17:36Z">
          <exception class="java.lang.AssertionError">
            <message>
              <![CDATA[Method failed in Editar Tarjeta Expected condition failed: waiting for visibility of element located by By.xpath: //DIV[@role='dialog'] (tried for 30 second(s) with 500 MILLISECONDS interval)]]>
            </message>
            <full-stacktrace>
              <![CDATA[java.lang.AssertionError: Method failed in Editar Tarjeta Expected condition failed: waiting for visibility of element located by By.xpath: //DIV[@role='dialog'] (tried for 30 second(s) with 500 MILLISECONDS interval)
	at org.testng.Assert.fail(Assert.java:93)
	at Test_Frenzy_Dashboard.Editar_Tarjeta.Tarjeta_Test(Editar_Tarjeta.java:35)
	at sun.reflect.NativeMethodAccessorImpl.invoke0(Native Method)
	at sun.reflect.NativeMethodAccessorImpl.invoke(NativeMethodAccessorImpl.java:62)
	at sun.reflect.DelegatingMethodAccessorImpl.invoke(DelegatingMethodAccessorImpl.java:43)
	at java.lang.reflect.Method.invoke(Method.java:498)
	at org.testng.internal.MethodInvocationHelper.invokeMethod(MethodInvocationHelper.java:108)
	at org.testng.internal.Invoker.invokeMethod(Invoker.java:669)
	at org.testng.internal.Invoker.invokeTestMethod(Invoker.java:877)
	at org.testng.internal.Invoker.invokeTestMethods(Invoker.java:1201)
	at org.testng.internal.TestMethodWorker.invokeTestMethods(TestMethodWorker.java:125)
	at org.testng.internal.TestMethodWorker.run(TestMethodWorker.java:109)
	at org.testng.TestRunner.privateRun(TestRunner.java:776)
	at org.testng.TestRunner.run(TestRunner.java:634)
	at org.testng.SuiteRunner.runTest(SuiteRunner.java:425)
	at org.testng.SuiteRunner.runSequentially(SuiteRunner.java:420)
	at org.testng.SuiteRunner.privateRun(SuiteRunner.java:385)
	at org.testng.SuiteRunner.run(SuiteRunner.java:334)
	at org.testng.SuiteRunnerWorker.runSuite(SuiteRunnerWorker.java:52)
	at org.testng.SuiteRunnerWorker.run(SuiteRunnerWorker.java:86)
	at org.testng.TestNG.runSuitesSequentially(TestNG.java:1318)
	at org.testng.TestNG.runSuitesLocally(TestNG.java:1243)
	at org.testng.TestNG.runSuites(TestNG.java:1161)
	at org.testng.TestNG.run(TestNG.java:1129)
	at org.testng.remote.AbstractRemoteTestNG.run(AbstractRemoteTestNG.java:114)
	at org.testng.remote.RemoteTestNG.initAndRun(RemoteTestNG.java:251)
	at org.testng.remote.RemoteTestNG.main(RemoteTestNG.java:77)
]]>
            </full-stacktrace>
          </exception> <!-- java.lang.AssertionError -->
          <reporter-output>
          </reporter-output>
        </test-method> <!-- Tarjeta_Test -->
        <test-method status="FAIL" signature="Premio_Test()[pri:22, instance:Test_Frenzy_Dashboard.Editar_Premio@f6c48ac]" name="Premio_Test" duration-ms="34372" started-at="2017-10-06T15:17:36Z" description="Editar Premio Creado" finished-at="2017-10-06T15:18:11Z">
          <exception class="java.lang.AssertionError">
            <message>
              <![CDATA[Method failed in Editar Premio Expected condition failed: waiting for visibility of element located by By.xpath: //DIV[@role='dialog'] (tried for 30 second(s) with 500 MILLISECONDS interval)]]>
            </message>
            <full-stacktrace>
              <![CDATA[java.lang.AssertionError: Method failed in Editar Premio Expected condition failed: waiting for visibility of element located by By.xpath: //DIV[@role='dialog'] (tried for 30 second(s) with 500 MILLISECONDS interval)
	at org.testng.Assert.fail(Assert.java:93)
	at Test_Frenzy_Dashboard.Editar_Premio.Premio_Test(Editar_Premio.java:36)
	at sun.reflect.NativeMethodAccessorImpl.invoke0(Native Method)
	at sun.reflect.NativeMethodAccessorImpl.invoke(NativeMethodAccessorImpl.java:62)
	at sun.reflect.DelegatingMethodAccessorImpl.invoke(DelegatingMethodAccessorImpl.java:43)
	at java.lang.reflect.Method.invoke(Method.java:498)
	at org.testng.internal.MethodInvocationHelper.invokeMethod(MethodInvocationHelper.java:108)
	at org.testng.internal.Invoker.invokeMethod(Invoker.java:669)
	at org.testng.internal.Invoker.invokeTestMethod(Invoker.java:877)
	at org.testng.internal.Invoker.invokeTestMethods(Invoker.java:1201)
	at org.testng.internal.TestMethodWorker.invokeTestMethods(TestMethodWorker.java:125)
	at org.testng.internal.TestMethodWorker.run(TestMethodWorker.java:109)
	at org.testng.TestRunner.privateRun(TestRunner.java:776)
	at org.testng.TestRunner.run(TestRunner.java:634)
	at org.testng.SuiteRunner.runTest(SuiteRunner.java:425)
	at org.testng.SuiteRunner.runSequentially(SuiteRunner.java:420)
	at org.testng.SuiteRunner.privateRun(SuiteRunner.java:385)
	at org.testng.SuiteRunner.run(SuiteRunner.java:334)
	at org.testng.SuiteRunnerWorker.runSuite(SuiteRunnerWorker.java:52)
	at org.testng.SuiteRunnerWorker.run(SuiteRunnerWorker.java:86)
	at org.testng.TestNG.runSuitesSequentially(TestNG.java:1318)
	at org.testng.TestNG.runSuitesLocally(TestNG.java:1243)
	at org.testng.TestNG.runSuites(TestNG.java:1161)
	at org.testng.TestNG.run(TestNG.java:1129)
	at org.testng.remote.AbstractRemoteTestNG.run(AbstractRemoteTestNG.java:114)
	at org.testng.remote.RemoteTestNG.initAndRun(RemoteTestNG.java:251)
	at org.testng.remote.RemoteTestNG.main(RemoteTestNG.java:77)
]]>
            </full-stacktrace>
          </exception> <!-- java.lang.AssertionError -->
          <reporter-output>
          </reporter-output>
        </test-method> <!-- Premio_Test -->
      </class> <!-- Test_Frenzy_Dashboard.Editar_Premio -->
    </test> <!-- Default test -->
  </suite> <!-- Default suite -->
</testng-results>
