<?xml version="1.0" encoding="UTF-8"?>
<!-- Generated by org.testng.reporters.JUnitReportReporter -->
<testsuite skipped="0" hostname="Cognits-1" name="Test_Frenzy_Dashboard.Editar_Premio" tests="20" failures="2" timestamp="06 oct 2017 21:18:11 GMT" time="157.543" errors="0">
  <testcase name="OpenBrowser" time="3.706" classname="Test_Frenzy_Dashboard.Editar_Premio"/>
  <testcase name="Navegacion" time="10.915" classname="Test_Frenzy_Dashboard.Editar_Premio"/>
  <testcase name="VerMas" time="12.778" classname="Test_Frenzy_Dashboard.Editar_Premio"/>
  <testcase name="Video" time="1.409" classname="Test_Frenzy_Dashboard.Editar_Premio"/>
  <testcase name="ContactForm" time="6.159" classname="Test_Frenzy_Dashboard.Editar_Premio"/>
  <testcase name="PaginaSistemaDeBits" time="2.841" classname="Test_Frenzy_Dashboard.Editar_Premio"/>
  <testcase name="VideoInBitsSystem" time="2.333" classname="Test_Frenzy_Dashboard.Editar_Premio"/>
  <testcase name="Caclular" time="1.549" classname="Test_Frenzy_Dashboard.Editar_Premio"/>
  <testcase name="Cupones_y_Promociones" time="2.583" classname="Test_Frenzy_Dashboard.Editar_Premio"/>
  <testcase name="Test_SignUp" time="2.882" classname="Test_Frenzy_Dashboard.Editar_Premio"/>
  <testcase name="Login_Test" time="1.135" classname="Test_Frenzy_Dashboard.Editar_Premio"/>
  <testcase name="f" time="1.319" classname="Test_Frenzy_Dashboard.Editar_Premio"/>
  <testcase name="Test_Promocion" time="6.527" classname="Test_Frenzy_Dashboard.Editar_Premio"/>
  <testcase name="NuevaPromocion_Test" time="5.139" classname="Test_Frenzy_Dashboard.Editar_Premio"/>
  <testcase name="TarjetaLealtad_Test" time="1.897" classname="Test_Frenzy_Dashboard.Editar_Premio"/>
  <testcase name="PremiosAlInstante_Test" time="1.318" classname="Test_Frenzy_Dashboard.Editar_Premio"/>
  <testcase name="ModificarPromociÃ³n_Test" time="10.248" classname="Test_Frenzy_Dashboard.Editar_Premio"/>
  <testcase name="Cupon_Test" time="11.539" classname="Test_Frenzy_Dashboard.Editar_Premio"/>
  <testcase name="Tarjeta_Test" time="36.894" classname="Test_Frenzy_Dashboard.Editar_Premio">
    <failure type="java.lang.AssertionError" message="Method failed in Editar Tarjeta Expected condition failed: waiting for visibility of element located by By.xpath: //DIV[@role=&#039;dialog&#039;] (tried for 30 second(s) with 500 MILLISECONDS interval)">
      <![CDATA[java.lang.AssertionError: Method failed in Editar Tarjeta Expected condition failed: waiting for visibility of element located by By.xpath: //DIV[@role='dialog'] (tried for 30 second(s) with 500 MILLISECONDS interval)
	at org.testng.Assert.fail(Assert.java:93)
	at Test_Frenzy_Dashboard.Editar_Tarjeta.Tarjeta_Test(Editar_Tarjeta.java:35)
	at sun.reflect.NativeMethodAccessorImpl.invoke0(Native Method)
	at sun.reflect.NativeMethodAccessorImpl.invoke(NativeMethodAccessorImpl.java:62)
	at sun.reflect.DelegatingMethodAccessorImpl.invoke(DelegatingMethodAccessorImpl.java:43)
	at java.lang.reflect.Method.invoke(Method.java:498)
	at org.testng.internal.MethodInvocationHelper.invokeMethod(MethodInvocationHelper.java:108)
	at org.testng.internal.Invoker.invokeMethod(Invoker.java:669)
	at org.testng.internal.Invoker.invokeTestMethod(Invoker.java:877)
	at org.testng.internal.Invoker.invokeTestMethods(Invoker.java:1201)
	at org.testng.internal.TestMethodWorker.invokeTestMethods(TestMethodWorker.java:125)
	at org.testng.internal.TestMethodWorker.run(TestMethodWorker.java:109)
	at org.testng.TestRunner.privateRun(TestRunner.java:776)
	at org.testng.TestRunner.run(TestRunner.java:634)
	at org.testng.SuiteRunner.runTest(SuiteRunner.java:425)
	at org.testng.SuiteRunner.runSequentially(SuiteRunner.java:420)
	at org.testng.SuiteRunner.privateRun(SuiteRunner.java:385)
	at org.testng.SuiteRunner.run(SuiteRunner.java:334)
	at org.testng.SuiteRunnerWorker.runSuite(SuiteRunnerWorker.java:52)
	at org.testng.SuiteRunnerWorker.run(SuiteRunnerWorker.java:86)
	at org.testng.TestNG.runSuitesSequentially(TestNG.java:1318)
	at org.testng.TestNG.runSuitesLocally(TestNG.java:1243)
	at org.testng.TestNG.runSuites(TestNG.java:1161)
	at org.testng.TestNG.run(TestNG.java:1129)
	at org.testng.remote.AbstractRemoteTestNG.run(AbstractRemoteTestNG.java:114)
	at org.testng.remote.RemoteTestNG.initAndRun(RemoteTestNG.java:251)
	at org.testng.remote.RemoteTestNG.main(RemoteTestNG.java:77)
]]>
    </failure>
  </testcase> <!-- Tarjeta_Test -->
  <testcase name="Premio_Test" time="34.372" classname="Test_Frenzy_Dashboard.Editar_Premio">
    <failure type="java.lang.AssertionError" message="Method failed in Editar Premio Expected condition failed: waiting for visibility of element located by By.xpath: //DIV[@role=&#039;dialog&#039;] (tried for 30 second(s) with 500 MILLISECONDS interval)">
      <![CDATA[java.lang.AssertionError: Method failed in Editar Premio Expected condition failed: waiting for visibility of element located by By.xpath: //DIV[@role='dialog'] (tried for 30 second(s) with 500 MILLISECONDS interval)
	at org.testng.Assert.fail(Assert.java:93)
	at Test_Frenzy_Dashboard.Editar_Premio.Premio_Test(Editar_Premio.java:36)
	at sun.reflect.NativeMethodAccessorImpl.invoke0(Native Method)
	at sun.reflect.NativeMethodAccessorImpl.invoke(NativeMethodAccessorImpl.java:62)
	at sun.reflect.DelegatingMethodAccessorImpl.invoke(DelegatingMethodAccessorImpl.java:43)
	at java.lang.reflect.Method.invoke(Method.java:498)
	at org.testng.internal.MethodInvocationHelper.invokeMethod(MethodInvocationHelper.java:108)
	at org.testng.internal.Invoker.invokeMethod(Invoker.java:669)
	at org.testng.internal.Invoker.invokeTestMethod(Invoker.java:877)
	at org.testng.internal.Invoker.invokeTestMethods(Invoker.java:1201)
	at org.testng.internal.TestMethodWorker.invokeTestMethods(TestMethodWorker.java:125)
	at org.testng.internal.TestMethodWorker.run(TestMethodWorker.java:109)
	at org.testng.TestRunner.privateRun(TestRunner.java:776)
	at org.testng.TestRunner.run(TestRunner.java:634)
	at org.testng.SuiteRunner.runTest(SuiteRunner.java:425)
	at org.testng.SuiteRunner.runSequentially(SuiteRunner.java:420)
	at org.testng.SuiteRunner.privateRun(SuiteRunner.java:385)
	at org.testng.SuiteRunner.run(SuiteRunner.java:334)
	at org.testng.SuiteRunnerWorker.runSuite(SuiteRunnerWorker.java:52)
	at org.testng.SuiteRunnerWorker.run(SuiteRunnerWorker.java:86)
	at org.testng.TestNG.runSuitesSequentially(TestNG.java:1318)
	at org.testng.TestNG.runSuitesLocally(TestNG.java:1243)
	at org.testng.TestNG.runSuites(TestNG.java:1161)
	at org.testng.TestNG.run(TestNG.java:1129)
	at org.testng.remote.AbstractRemoteTestNG.run(AbstractRemoteTestNG.java:114)
	at org.testng.remote.RemoteTestNG.initAndRun(RemoteTestNG.java:251)
	at org.testng.remote.RemoteTestNG.main(RemoteTestNG.java:77)
]]>
    </failure>
  </testcase> <!-- Premio_Test -->
</testsuite> <!-- Test_Frenzy_Dashboard.Editar_Premio -->
